<?xml version="1.0" encoding="UTF-8"?>
<!-- Generated by org.testng.reporters.JUnitReportReporter -->
<testsuite hostname="LAPTOP-GGJ4726G" failures="0" tests="2" name="SeleniumBasics.DifferentActions" time="61.639" errors="0" timestamp="09 Jun 2019 21:08:53 GMT" skipped="0">
  <testcase classname="SeleniumBasics.DifferentActions" name="alertTest" time="26.381"/>
  <testcase classname="SeleniumBasics.DifferentActions" name="iframeTest" time="35.258"/>
</testsuite> <!-- SeleniumBasics.DifferentActions -->
